<?xml version="1.0" encoding="UTF-8"?>
<!-- Generated by org.testng.reporters.JUnitReportReporter -->
<testsuite hostname="GaneshAppu" failures="0" tests="1" name="test.Day1" time="0.001" errors="0" timestamp="2024-03-18T13:00:46 IST" skipped="0">
  <testcase classname="test.Day1" name="SecondTest" time="0.001"/>
</testsuite> <!-- test.Day1 -->
