<?xml version="1.0" encoding="UTF-8"?>
<!-- Generated by org.testng.reporters.JUnitReportReporter -->
<testsuite hostname="GaneshAppu" failures="0" tests="1" name="Selenium_Locators.Selenium_Locators.Grid_Google" time="5.469" errors="0" timestamp="2024-03-16T19:41:34 IST" skipped="0">
  <testcase classname="Selenium_Locators.Selenium_Locators.Grid_Google" name="GooglePage" time="5.469"/>
</testsuite> <!-- Selenium_Locators.Selenium_Locators.Grid_Google -->
