<?xml version="1.0" encoding="UTF-8"?>
<!-- Generated by org.testng.reporters.JUnitReportReporter -->
<testsuite hostname="GaneshAppu" failures="0" tests="2" name="test.Day3" time="0.010" errors="0" timestamp="2024-03-18T16:43:58 IST" skipped="0">
  <testcase classname="test.Day3" name="WebLoginCarLogin" time="0.001"/>
  <testcase classname="test.Day3" name="AppiumLoginCarLogin" time="0.009"/>
</testsuite> <!-- test.Day3 -->
